<?xml version="1.0" encoding="UTF-8"?>
<!-- Generated by org.testng.reporters.JUnitXMLReporter -->
<testsuite ignored="0" hostname="DESKTOP-P60CCJP" failures="0" tests="1" name="Test12" time="4.712" errors="0" timestamp="2023-02-12T21:34:36 IST">
  <testcase classname="TESTNG.testingflipcart" name="@BeforeClass beforemclass" time="4.548">
    <failure type="org.openqa.selenium.SessionNotCreatedException" message="session not created: This version of ChromeDriver only supports Chrome version 108
Current browser version is 110.0.5481.77 with binary path C:\Program Files\Google\Chrome\Application\chrome.exe
Build info: version: &amp;apos;3.141.59&amp;apos;, revision: &amp;apos;e82be7d358&amp;apos;, time: &amp;apos;2018-11-14T08:17:03&amp;apos;
System info: host: &amp;apos;DESKTOP-P60CCJP&amp;apos;, ip: &amp;apos;192.168.43.121&amp;apos;, os.name: &amp;apos;Windows 10&amp;apos;, os.arch: &amp;apos;amd64&amp;apos;, os.version: &amp;apos;10.0&amp;apos;, java.version: &amp;apos;17.0.4&amp;apos;
Driver info: driver.version: ChromeDriver
remote stacktrace: Backtrace:
	(No symbol) [0x0091F243]
	(No symbol) [0x008A7FD1]
	(No symbol) [0x0079D04D]
	(No symbol) [0x007BF6B4]
	(No symbol) [0x007BA97C]
	(No symbol) [0x007B82E9]
	(No symbol) [0x007EF056]
	(No symbol) [0x007EEB2A]
	(No symbol) [0x007E8386]
	(No symbol) [0x007C163C]
	(No symbol) [0x007C269D]
	GetHandleVerifier [0x00BB9A22+2655074]
	GetHandleVerifier [0x00BACA24+2601828]
	GetHandleVerifier [0x009C8C0A+619850]
	GetHandleVerifier [0x009C7830+614768]
	(No symbol) [0x008B05FC]
	(No symbol) [0x008B5968]
	(No symbol) [0x008B5A55]
	(No symbol) [0x008C051B]
	BaseThreadInitThunk [0x75366359+25]
	RtlGetAppContainerNamedObjectPath [0x776E7B74+228]
	RtlGetAppContainerNamedObjectPath [0x776E7B44+180]
">
      <![CDATA[org.openqa.selenium.SessionNotCreatedException: session not created: This version of ChromeDriver only supports Chrome version 108
Current browser version is 110.0.5481.77 with binary path C:\Program Files\Google\Chrome\Application\chrome.exe
Build info: version: '3.141.59', revision: 'e82be7d358', time: '2018-11-14T08:17:03'
System info: host: 'DESKTOP-P60CCJP', ip: '192.168.43.121', os.name: 'Windows 10', os.arch: 'amd64', os.version: '10.0', java.version: '17.0.4'
Driver info: driver.version: ChromeDriver
remote stacktrace: Backtrace:
(No symbol) [0x0091F243]
(No symbol) [0x008A7FD1]
(No symbol) [0x0079D04D]
(No symbol) [0x007BF6B4]
(No symbol) [0x007BA97C]
(No symbol) [0x007B82E9]
(No symbol) [0x007EF056]
(No symbol) [0x007EEB2A]
(No symbol) [0x007E8386]
(No symbol) [0x007C163C]
(No symbol) [0x007C269D]
GetHandleVerifier [0x00BB9A22+2655074]
GetHandleVerifier [0x00BACA24+2601828]
GetHandleVerifier [0x009C8C0A+619850]
GetHandleVerifier [0x009C7830+614768]
(No symbol) [0x008B05FC]
(No symbol) [0x008B5968]
(No symbol) [0x008B5A55]
(No symbol) [0x008C051B]
BaseThreadInitThunk [0x75366359+25]
RtlGetAppContainerNamedObjectPath [0x776E7B74+228]
RtlGetAppContainerNamedObjectPath [0x776E7B44+180]

at org.openqa.selenium.remote.W3CHandshakeResponse.lambda$errorHandler$0(W3CHandshakeResponse.java:62)
at org.openqa.selenium.remote.HandshakeResponse.lambda$getResponseFunction$0(HandshakeResponse.java:30)
at org.openqa.selenium.remote.ProtocolHandshake.lambda$createSession$0(ProtocolHandshake.java:126)
at java.base/java.util.stream.ReferencePipeline$3$1.accept(ReferencePipeline.java:197)
at java.base/java.util.Spliterators$ArraySpliterator.tryAdvance(Spliterators.java:1002)
at java.base/java.util.stream.ReferencePipeline.forEachWithCancel(ReferencePipeline.java:129)
at java.base/java.util.stream.AbstractPipeline.copyIntoWithCancel(AbstractPipeline.java:527)
at java.base/java.util.stream.AbstractPipeline.copyInto(AbstractPipeline.java:513)
at java.base/java.util.stream.AbstractPipeline.wrapAndCopyInto(AbstractPipeline.java:499)
at java.base/java.util.stream.FindOps$FindOp.evaluateSequential(FindOps.java:150)
at java.base/java.util.stream.AbstractPipeline.evaluate(AbstractPipeline.java:234)
at java.base/java.util.stream.ReferencePipeline.findFirst(ReferencePipeline.java:647)
at org.openqa.selenium.remote.ProtocolHandshake.createSession(ProtocolHandshake.java:128)
at org.openqa.selenium.remote.ProtocolHandshake.createSession(ProtocolHandshake.java:74)
at org.openqa.selenium.remote.HttpCommandExecutor.execute(HttpCommandExecutor.java:136)
at org.openqa.selenium.remote.service.DriverCommandExecutor.execute(DriverCommandExecutor.java:83)
at org.openqa.selenium.remote.RemoteWebDriver.execute(RemoteWebDriver.java:552)
at org.openqa.selenium.remote.RemoteWebDriver.startSession(RemoteWebDriver.java:213)
at org.openqa.selenium.remote.RemoteWebDriver.<init>(RemoteWebDriver.java:131)
at org.openqa.selenium.chrome.ChromeDriver.<init>(ChromeDriver.java:181)
at org.openqa.selenium.chrome.ChromeDriver.<init>(ChromeDriver.java:168)
at org.openqa.selenium.chrome.ChromeDriver.<init>(ChromeDriver.java:123)
at TESTNG.testingflipcart.beforemclass(testingflipcart.java:22)
at java.base/java.util.ArrayList.forEach(ArrayList.java:1511)
... Removed 30 stack frames]]>
    </failure>
  </testcase> <!-- @BeforeClass beforemclass -->
  <testcase classname="TESTNG.testingflipcart" name="@BeforeMethod beforemethod" time="-1.67621787647E9">
    <skipped/>
  </testcase> <!-- @BeforeMethod beforemethod -->
  <testcase classname="TESTNG.testingflipcart" name="@AfterMethod aftermethod" time="-1.676217876507E9">
    <skipped/>
  </testcase> <!-- @AfterMethod aftermethod -->
  <testcase classname="TESTNG.testingflipcart" name="@AfterClass afterclass" time="-1.676217876523E9">
    <skipped/>
  </testcase> <!-- @AfterClass afterclass -->
  <testcase classname="TESTNG.testingflipcart" name="test" time="0.0">
    <skipped/>
  </testcase> <!-- test -->
</testsuite> <!-- Test12 -->
